<?xml version="1.0" encoding="UTF-8"?>
<beans xmlns="http://www.springframework.org/schema/beans"
	xmlns:xsi="http://www.w3.org/2001/XMLSchema-instance" xmlns:context="http://www.springframework.org/schema/context"
	xmlns:jdbc="http://www.springframework.org/schema/jdbc" xmlns:tx="http://www.springframework.org/schema/tx"
	xmlns:mvc="http://www.springframework.org/schema/mvc"
	xsi:schemaLocation="http://www.springframework.org/schema/beans http://www.springframework.org/schema/beans/spring-beans.xsd
		http://www.springframework.org/schema/context http://www.springframework.org/schema/context/spring-context-3.1.xsd
		http://www.springframework.org/schema/jdbc http://www.springframework.org/schema/jdbc/spring-jdbc-3.1.xsd
		http://www.springframework.org/schema/tx http://www.springframework.org/schema/tx/spring-tx-3.1.xsd
		http://www.springframework.org/schema/mvc http://www.springframework.org/schema/mvc/spring-mvc-3.1.xsd">

	<mvc:annotation-driven />
	
	<bean id="dataSource"
		class="org.springframework.jdbc.datasource.SimpleDriverDataSource">
		<property name="driverClass" value="com.mysql.jdbc.Driver" />
		<property name="username" value="test" />
		<property name="password" value="test" />
		<property name="url"
			value="jdbc:mysql://zeropage.org:3306/test?characterEncoding=UTF-8" />
	</bean>

	<bean id="sessionFactory"
		class="org.springframework.orm.hibernate4.LocalSessionFactoryBean">
		<property name="dataSource" ref="dataSource" />
		<property name="packagesToScan" value="org.zeropage.simplewiki.model" />
		<property name="hibernateProperties">
			<value>
				hibernate.dialect=org.hibernate.dialect.MySQL5InnoDBDialect
				hibernate.hbm2ddl.auto=create
				hibernate.show_sql=true
				hibernate.cache.provider_class=org.hibernate.cache.NoCacheProvider
			</value>
		</property>
	</bean>

	<bean id="transactionManager"
		class="org.springframework.orm.hibernate4.HibernateTransactionManager">
		<property name="sessionFactory" ref="sessionFactory" />
	</bean>

	<context:component-scan base-package="org.zeropage.simplewiki" />

	<tx:annotation-driven transaction-manager="transactionManager" />

	<bean id="pegdownParser" class="org.pegdown.Parser">
		<constructor-arg>
			<value>0</value>
		</constructor-arg>
	</bean>

	
</beans>
